#
# A fatal error has been detected by the Java Runtime Environment:
#
#  SIGBUS (0x7) at pc=0x00007f859107a4e2, pid=4352, tid=0x00007f855edf0700
#
# JRE version: Java(TM) SE Runtime Environment (8.0_181-b13) (build 1.8.0_181-b13)
# Java VM: Java HotSpot(TM) 64-Bit Server VM (25.181-b13 mixed mode linux-amd64 compressed oops)
# Problematic frame:
# C  [libzip.so+0x124e2]  newEntry+0x62
#
# Failed to write core dump. Core dumps have been disabled. To enable core dumping, try "ulimit -c unlimited" before starting Java again
#
# If you would like to submit a bug report, please visit:
#   http://bugreport.java.com/bugreport/crash.jsp
# The crash happened outside the Java Virtual Machine in native code.
# See problematic frame for where to report the bug.
#

---------------  T H R E A D  ---------------

Current thread (0x00007f858d238000):  JavaThread "payara-executor-service-scheduled-task" [_thread_in_native, id=4395, stack(0x00007f855ecf0000,0x00007f855edf1000)]

siginfo: si_signo: 7 (SIGBUS), si_code: 2 (BUS_ADRERR), si_addr: 0x00007f856c061618

Registers:
RAX=0x00007f84b000c140, RBX=0x00007f84b0126120, RCX=0x00007f84c4002230, RDX=0x00007f84b00008e8
RSP=0x00007f855ede80b0, RBP=0x00007f855ede8100, RSI=0x00007f84b0126120, RDI=0x0000000000000048
R8 =0x00007f84b000c140, R9 =0x00007f855ede8180, R10=0x00007f857d1f5b98, R11=0x0000000787875498
R12=0x00007f856c0615fb, R13=0x00007f84b000c140, R14=0x00000000a03a2047, R15=0x00007f84b00a8580
RIP=0x00007f859107a4e2, EFLAGS=0x0000000000010202, CSGSFS=0x002b000000000033, ERR=0x0000000000000004
  TRAPNO=0x000000000000000e

Top of Stack: (sp=0x00007f855ede80b0)
0x00007f855ede80b0:   0000000787874930 00007f8500000000
0x00007f855ede80c0:   00000007c00007a8 00007f8592242eae
0x00007f855ede80d0:   00007f84b000c140 00007f84b0126120
0x00007f855ede80e0:   00007f84b00a7db0 00007f84b00a8580
0x00007f855ede80f0:   00000000a03a2047 0000000000000032
0x00007f855ede8100:   00007f855ede8160 00007f859107ac3f
0x00007f855ede8110:   00007f858d238000 0100000000000000
0x00007f855ede8120:   00007f855ede8180 00007f855ede81b3
0x00007f855ede8130:   00007f855ede81b1 00007f855ede8180
0x00007f855ede8140:   0000000000000032 00007f858d2381f8
0x00007f855ede8150:   00007f855ede85d8 0000000000000001
0x00007f855ede8160:   00007f855ede85c0 00007f859106be90
0x00007f855ede8170:   0000000300000000 00007f84b00a8580
0x00007f855ede8180:   74736f702f67726f 682f6c7173657267
0x00007f855ede8190:   736f6f686374736f 5274736f482f7265
0x00007f855ede81a0:   656d657269757165 616c632e3224746e
0x00007f855ede81b0:   00007f8480007373 00007f855ede8810
0x00007f855ede81c0:   00007f855ede87e0 00007f855ede8220
0x00007f855ede81d0:   00000007878721c8 00007f858d238000
0x00007f855ede81e0:   0000000000000042 00007f857d218b4a
0x00007f855ede81f0:   0000000787873500 00007f858d238000
0x00007f855ede8200:   0000000787873600 00007f857d1f98c5
0x00007f855ede8210:   00007f84b029b800 0000000787875180
0x00007f855ede8220:   00000007878751a8 00000007878751f8
0x00007f855ede8230:   0000000787875288 0000000787875318
0x00007f855ede8240:   0000000700000014 00007f857d1f98c5
0x00007f855ede8250:   00000007878749b8 00000007878731c0
0x00007f855ede8260:   00007f855edef708 00007f857d0007a7
0x00007f855ede8270:   00007f857d000690 00007f8500000000
0x00007f855ede8280:   00007f855edef770 00007f855edef708
0x00007f855ede8290:   00007f858d258390 00007f84b02a3790
0x00007f855ede82a0:   00007f84b02a4450 00007f84b02ab778 

Instructions: (pc=0x00007f859107a4e2)
0x00007f859107a4c2:   00 48 c7 40 28 00 00 00 00 41 80 7f 30 00 0f 84
0x00007f859107a4d2:   8a 02 00 00 4c 8b 63 08 4d 2b 67 28 4d 03 67 18
0x00007f859107a4e2:   41 0f b6 5c 24 1d 41 0f b6 44 24 1c c1 e3 08 09
0x00007f859107a4f2:   c3 41 0f b6 44 24 1e 88 45 bd 41 0f b6 54 24 20 

Register to memory mapping:

RAX=0x00007f84b000c140 is an unknown value
RBX=0x00007f84b0126120 is an unknown value
RCX=0x00007f84c4002230 is an unknown value
RDX=0x00007f84b00008e8 is an unknown value
RSP=0x00007f855ede80b0 is pointing into the stack for thread: 0x00007f858d238000
RBP=0x00007f855ede8100 is pointing into the stack for thread: 0x00007f858d238000
RSI=0x00007f84b0126120 is an unknown value
RDI=0x0000000000000048 is an unknown value
R8 =0x00007f84b000c140 is an unknown value
R9 =0x00007f855ede8180 is pointing into the stack for thread: 0x00007f858d238000
R10=0x00007f857d1f5b98 is at entry_point+88 in (nmethod*)0x00007f857d1f59d0
R11=0x0000000787875498 is an oop
